生成启动时间为 2014/6/12 10:31:54。
项目“E:\我的文档\3107006777何就财\源程序\ClientFiGo2\ClientFiGo2.vcxproj”在节点 2 上(build 个目标)。
InitializeBuildStatus:
  正在对“.\Debug\ClientFiGo2.unsuccessfulbuild”执行 Touch 任务。
ClCompile:
  所有输出均为最新。
  D:\Microsoft Visual Studio 10.0\VC\bin\CL.exe /c /ZI /nologo /W3 /WX- /Od /Oy- /D WIN32 /D _DEBUG /D _WINDOWS /D _VC80_UPGRADE=0x0600 /D _MBCS /D _AFXDLL /Gm /EHsc /RTC1 /MDd /GS /Gy- /fp:precise /Zc:wchar_t /Zc:forScope /Yu"stdafx.h" /Fp".\Debug\ClientFiGo2.pch" /Fo".\Debug\\" /Fd".\Debug\vc100.pdb" /FR".\Debug\\" /Gd /TP /analyze- /errorReport:prompt ClientFiGo2Dlg.cpp
  ClientFiGo2Dlg.cpp
e:\我的文档\3107006777何就财\源程序\clientfigo2\quanju.h(75): warning C4996: 'sprintf': This function or variable may be unsafe. Consider using sprintf_s instead. To disable deprecation, use _CRT_SECURE_NO_WARNINGS. See online help for details.
          d:\microsoft visual studio 10.0\vc\include\stdio.h(371) : 参见“sprintf”的声明
ResourceCompile:
  C:\Program Files\Microsoft SDKs\Windows\v7.0A\bin\rc.exe /D _DEBUG /D _VC80_UPGRADE=0x0600 /D _AFXDLL /l"0x0804" /nologo /fo".\Debug\ClientFiGo2.res" ClientFiGo2.rc 
ManifestResourceCompile:
  C:\Program Files\Microsoft SDKs\Windows\v7.0A\bin\rc.exe /nologo /fo".\Debug\ClientFiGo2.exe.embed.manifest.res" .\Debug\ClientFiGo2_manifest.rc 
Link:
  D:\Microsoft Visual Studio 10.0\VC\bin\link.exe /ERRORREPORT:PROMPT /OUT:".\Debug\ClientFiGo2.exe" /INCREMENTAL /NOLOGO /MANIFEST /ManifestFile:".\Debug\ClientFiGo2.exe.intermediate.manifest" /MANIFESTUAC:"level='asInvoker' uiAccess='false'" /DEBUG /PDB:"E:\我的文档\3107006777何就财\源程序\ClientFiGo2\Debug\ClientFiGo2.pdb" /SUBSYSTEM:WINDOWS /TLBID:1 /DYNAMICBASE /NXCOMPAT /IMPLIB:".\Debug\ClientFiGo2.lib" /MACHINE:X86 .\Debug\ClientFiGo2.res
  .\Debug\ClientFiGo2.exe.embed.manifest.res
  .\Debug\ClientFiGo2.obj
  .\Debug\ClientFiGo2Dlg.obj
  .\Debug\ClientSock.obj
  .\Debug\StdAfx.obj
  .\Debug\XXSock.obj
LINK : warning LNK4076: 增量状态文件“.\Debug\ClientFiGo2.ilk”无效(将删除)；正以非增量方式链接
Manifest:
  C:\Program Files\Microsoft SDKs\Windows\v7.0A\bin\mt.exe /nologo /verbose /out:".\Debug\ClientFiGo2.exe.embed.manifest" /manifest .\Debug\ClientFiGo2.exe.intermediate.manifest "D:\Microsoft Visual Studio 10.0\VC\Include\Manifest\dpiaware.manifest"
  C:\Program Files\Microsoft SDKs\Windows\v7.0A\bin\rc.exe /nologo /fo".\Debug\ClientFiGo2.exe.embed.manifest.res" .\Debug\ClientFiGo2_manifest.rc 
LinkEmbedManifest:
  D:\Microsoft Visual Studio 10.0\VC\bin\link.exe /ERRORREPORT:PROMPT /OUT:".\Debug\ClientFiGo2.exe" /INCREMENTAL /NOLOGO /MANIFEST /ManifestFile:".\Debug\ClientFiGo2.exe.intermediate.manifest" /MANIFESTUAC:"level='asInvoker' uiAccess='false'" /DEBUG /PDB:"E:\我的文档\3107006777何就财\源程序\ClientFiGo2\Debug\ClientFiGo2.pdb" /SUBSYSTEM:WINDOWS /TLBID:1 /DYNAMICBASE /NXCOMPAT /IMPLIB:".\Debug\ClientFiGo2.lib" /MACHINE:X86 .\Debug\ClientFiGo2.res
  .\Debug\ClientFiGo2.exe.embed.manifest.res
  .\Debug\ClientFiGo2.obj
  .\Debug\ClientFiGo2Dlg.obj
  .\Debug\ClientSock.obj
  .\Debug\StdAfx.obj
  .\Debug\XXSock.obj
  ClientFiGo2.vcxproj -> E:\我的文档\3107006777何就财\源程序\ClientFiGo2\.\Debug\ClientFiGo2.exe
BscMake:
  D:\Microsoft Visual Studio 10.0\VC\bin\bscmake.exe /nologo /o".\Debug\ClientFiGo2.bsc" .\Debug\ClientFiGo2.sbr .\Debug\ClientFiGo2Dlg.sbr .\Debug\ClientSock.sbr .\Debug\StdAfx.sbr .\Debug\XXSock.sbr
FinalizeBuildStatus:
  正在删除文件“.\Debug\ClientFiGo2.unsuccessfulbuild”。
  正在对“.\Debug\ClientFiGo2.lastbuildstate”执行 Touch 任务。
已完成生成项目“E:\我的文档\3107006777何就财\源程序\ClientFiGo2\ClientFiGo2.vcxproj”(build 个目标)的操作。

生成成功。

已用时间 00:00:32.71
