生成启动时间为 2014/6/12 12:34:11。
项目“E:\我的文档\HTTPSVR\HTTPSVR\httpsvr.vcxproj”在节点 2 上(build 个目标)。
InitializeBuildStatus:
  正在创建“.\Debug\httpsvr.unsuccessfulbuild”，因为已指定“AlwaysCreate”。
ClCompile:
  所有输出均为最新。
  所有输出均为最新。
ResourceCompile:
  所有输出均为最新。
ManifestResourceCompile:
  所有输出均为最新。
Link:
  所有输出均为最新。
Manifest:
  所有输出均为最新。
  所有输出均为最新。
BscMake:
  所有输出均为最新。
FinalizeBuildStatus:
  正在删除文件“.\Debug\httpsvr.unsuccessfulbuild”。
  正在对“.\Debug\httpsvr.lastbuildstate”执行 Touch 任务。
已完成生成项目“E:\我的文档\HTTPSVR\HTTPSVR\httpsvr.vcxproj”(build 个目标)的操作。

生成成功。

已用时间 00:00:00.47
