生成启动时间为 2014/6/12 12:51:58。
项目“E:\我的文档\3107006777何就财\源程序\ServFigo\ServFigo.vcxproj”在节点 2 上(build 个目标)。
InitializeBuildStatus:
  正在创建“.\Debug\ServFigo.unsuccessfulbuild”，因为已指定“AlwaysCreate”。
ClCompile:
  所有输出均为最新。
  D:\Microsoft Visual Studio 10.0\VC\bin\CL.exe /c /ZI /nologo /W3 /WX- /Od /Oy- /D WIN32 /D _DEBUG /D _WINDOWS /D _VC80_UPGRADE=0x0600 /D _MBCS /D _AFXDLL /Gm /EHsc /RTC1 /MDd /GS /Gy- /fp:precise /Zc:wchar_t /Zc:forScope /Yu"stdafx.h" /Fp".\Debug\ServFigo.pch" /Fo".\Debug\\" /Fd".\Debug\vc100.pdb" /Gd /TP /analyze- /errorReport:prompt ServFigo.cpp
  ServFigo.cpp
e:\我的文档\3107006777何就财\源程序\servfigo\servfigo.cpp(63): warning C4996: 'CWinApp::Enable3dControls': CWinApp::Enable3dControls is no longer needed. You should remove this call.
          d:\microsoft visual studio 10.0\vc\atlmfc\include\afxwin.h(5344) : 参见“CWinApp::Enable3dControls”的声明
ResourceCompile:
  所有输出均为最新。
ManifestResourceCompile:
  所有输出均为最新。
Link:
  D:\Microsoft Visual Studio 10.0\VC\bin\link.exe /ERRORREPORT:PROMPT /OUT:".\Debug\ServFigo.exe" /INCREMENTAL /NOLOGO /MANIFEST /ManifestFile:".\Debug\ServFigo.exe.intermediate.manifest" /MANIFESTUAC:"level='asInvoker' uiAccess='false'" /DEBUG /PDB:"E:\我的文档\3107006777何就财\源程序\ServFigo\Debug\ServFigo.pdb" /SUBSYSTEM:WINDOWS /TLBID:1 /DYNAMICBASE /NXCOMPAT /IMPLIB:".\Debug\ServFigo.lib" /MACHINE:X86 .\Debug\ServFigo.res
  .\Debug\ServFigo.exe.embed.manifest.res
  .\Debug\ServerSock.obj
  .\Debug\ServFigo.obj
  .\Debug\ServFigoDlg.obj
  .\Debug\StdAfx.obj
  .\Debug\XXSock.obj
Manifest:
  C:\Program Files\Microsoft SDKs\Windows\v7.0A\bin\mt.exe /nologo /verbose /out:".\Debug\ServFigo.exe.embed.manifest" /manifest .\Debug\ServFigo.exe.intermediate.manifest "D:\Microsoft Visual Studio 10.0\VC\Include\Manifest\dpiaware.manifest"
  所有输出均为最新。
LinkEmbedManifest:
  所有输出均为最新。
  ServFigo.vcxproj -> E:\我的文档\3107006777何就财\源程序\ServFigo\.\Debug\ServFigo.exe
FinalizeBuildStatus:
  正在删除文件“.\Debug\ServFigo.unsuccessfulbuild”。
  正在对“.\Debug\ServFigo.lastbuildstate”执行 Touch 任务。
已完成生成项目“E:\我的文档\3107006777何就财\源程序\ServFigo\ServFigo.vcxproj”(build 个目标)的操作。

生成成功。

已用时间 00:00:07.52
